2015/11/12 12:46:31 Config file: 
{
  "confluenceUrl": "https://wiki.infowatch.ru",
  "logFile": "locale.log",
  "login": "locale",
  "mainPage": "8851864",
  "password": "xxXX1234",
  "version": "5"
}
2015/11/12 12:46:31 Loading data from page url https://wiki.infowatch.ru/rest/api/content/8851864?expand=body.view
2015/11/12 12:46:33 Response: 
<ul><li><a href="/display/GLK/Analysis">Analysis</a></li><li><a href="/display/GLK/Bookworm">Bookworm</a></li><li><a href="/display/GLK/Configuration">Configuration</a></li><li><a href="/display/GLK/Confirm">Confirm</a></li><li><a href="/display/GLK/Contacts">Contacts</a></li><li><a href="/display/GLK/Country">Country</a></li><li><a href="/display/GLK/Crawler">Crawler</a></li><li><a href="/display/GLK/Crop-image">Crop-image</a></li><li><a href="/display/GLK/Dashboards">Dashboards</a></li><li><a href="/display/GLK/Daterangepicker">Daterangepicker</a></li><li><a href="/display/GLK/Entry">Entry</a></li><li><a href="/display/GLK/Events">Events</a></li><li><a href="/display/GLK/Form">Form</a></li><li><a href="/display/GLK/Form-fields">Form-fields</a></li><li><a href="/display/GLK/Global">Global</a></li><li><a href="/display/GLK/Language">Language</a></li><li><a href="/display/GLK/Lists">Lists</a></li><li><a href="/display/GLK/Login">Login</a></li><li><a href="/display/GLK/Menu">Menu</a></li><li><a href="/display/GLK/Notify">Notify</a></li><li><a href="/display/GLK/Organization">Organization</a></li><li><a href="/display/GLK/Pagination">Pagination</a></li><li><a href="/display/GLK/Priviledge">Priviledge</a></li><li><a href="/display/GLK/Protected">Protected</a></li><li><a href="/display/GLK/Reports">Reports</a></li><li><a href="/display/GLK/Select_dialog">Select_dialog</a></li><li><a href="/display/GLK/Settings">Settings</a></li></ul><p> </p>
2015/11/12 12:46:33 /display/GLK/Analysis
2015/11/12 12:46:33 /display/GLK/Bookworm
2015/11/12 12:46:33 /display/GLK/Configuration
2015/11/12 12:46:33 /display/GLK/Confirm
2015/11/12 12:46:33 /display/GLK/Contacts
2015/11/12 12:46:33 /display/GLK/Country
2015/11/12 12:46:33 /display/GLK/Crawler
2015/11/12 12:46:33 /display/GLK/Crop-image
2015/11/12 12:46:33 /display/GLK/Dashboards
2015/11/12 12:46:33 /display/GLK/Daterangepicker
2015/11/12 12:46:33 /display/GLK/Entry
2015/11/12 12:46:33 /display/GLK/Events
2015/11/12 12:46:33 /display/GLK/Form
2015/11/12 12:46:33 /display/GLK/Form-fields
2015/11/12 12:46:33 /display/GLK/Global
2015/11/12 12:46:33 /display/GLK/Language
2015/11/12 12:46:33 /display/GLK/Lists
2015/11/12 12:46:33 /display/GLK/Login
2015/11/12 12:46:33 /display/GLK/Menu
2015/11/12 12:46:33 /display/GLK/Notify
2015/11/12 12:46:33 /display/GLK/Organization
2015/11/12 12:46:33 /display/GLK/Pagination
2015/11/12 12:46:33 /display/GLK/Priviledge
2015/11/12 12:46:33 /display/GLK/Protected
2015/11/12 12:46:33 /display/GLK/Reports
2015/11/12 12:46:33 /display/GLK/Select_dialog
2015/11/12 12:46:33 /display/GLK/Settings
2015/11/12 12:46:33 [GLK/Analysis GLK/Bookworm GLK/Configuration GLK/Confirm GLK/Contacts GLK/Country GLK/Crawler GLK/Crop-image GLK/Dashboards GLK/Daterangepicker GLK/Entry GLK/Events GLK/Form GLK/Form-fields GLK/Global GLK/Language GLK/Lists GLK/Login GLK/Menu GLK/Notify GLK/Organization GLK/Pagination GLK/Priviledge GLK/Protected GLK/Reports GLK/Select_dialog GLK/Settings]
2015/11/12 12:46:33 Loading data from page url https://wiki.infowatch.ru/rest/api/content/search?cql=space%3DGLK+AND+title%3D%27Confirm%27&expand=body.view&limit=1
2015/11/12 12:46:33 Loading data from page url https://wiki.infowatch.ru/rest/api/content/search?cql=space%3DGLK+AND+title%3D%27Lists%27&expand=body.view&limit=1
2015/11/12 12:46:33 Loading data from page url https://wiki.infowatch.ru/rest/api/content/search?cql=space%3DGLK+AND+title%3D%27Login%27&expand=body.view&limit=1
2015/11/12 12:46:33 Loading data from page url https://wiki.infowatch.ru/rest/api/content/search?cql=space%3DGLK+AND+title%3D%27Country%27&expand=body.view&limit=1
2015/11/12 12:46:33 Loading data from page url https://wiki.infowatch.ru/rest/api/content/search?cql=space%3DGLK+AND+title%3D%27Menu%27&expand=body.view&limit=1
2015/11/12 12:46:33 Loading data from page url https://wiki.infowatch.ru/rest/api/content/search?cql=space%3DGLK+AND+title%3D%27Bookworm%27&expand=body.view&limit=1
2015/11/12 12:46:33 Loading data from page url https://wiki.infowatch.ru/rest/api/content/search?cql=space%3DGLK+AND+title%3D%27Language%27&expand=body.view&limit=1
2015/11/12 12:46:33 Loading data from page url https://wiki.infowatch.ru/rest/api/content/search?cql=space%3DGLK+AND+title%3D%27Notify%27&expand=body.view&limit=1
2015/11/12 12:46:33 Loading data from page url https://wiki.infowatch.ru/rest/api/content/search?cql=space%3DGLK+AND+title%3D%27Configuration%27&expand=body.view&limit=1
2015/11/12 12:46:33 Loading data from page url https://wiki.infowatch.ru/rest/api/content/search?cql=space%3DGLK+AND+title%3D%27Settings%27&expand=body.view&limit=1
2015/11/12 12:46:33 Loading data from page url https://wiki.infowatch.ru/rest/api/content/search?cql=space%3DGLK+AND+title%3D%27Entry%27&expand=body.view&limit=1
2015/11/12 12:46:33 Loading data from page url https://wiki.infowatch.ru/rest/api/content/search?cql=space%3DGLK+AND+title%3D%27Events%27&expand=body.view&limit=1
2015/11/12 12:46:33 Loading data from page url https://wiki.infowatch.ru/rest/api/content/search?cql=space%3DGLK+AND+title%3D%27Contacts%27&expand=body.view&limit=1
2015/11/12 12:46:33 Loading data from page url https://wiki.infowatch.ru/rest/api/content/search?cql=space%3DGLK+AND+title%3D%27Pagination%27&expand=body.view&limit=1
2015/11/12 12:46:33 Loading data from page url https://wiki.infowatch.ru/rest/api/content/search?cql=space%3DGLK+AND+title%3D%27Global%27&expand=body.view&limit=1
2015/11/12 12:46:33 Loading data from page url https://wiki.infowatch.ru/rest/api/content/search?cql=space%3DGLK+AND+title%3D%27Form-fields%27&expand=body.view&limit=1
2015/11/12 12:46:33 Loading data from page url https://wiki.infowatch.ru/rest/api/content/search?cql=space%3DGLK+AND+title%3D%27Organization%27&expand=body.view&limit=1
2015/11/12 12:46:33 Loading data from page url https://wiki.infowatch.ru/rest/api/content/search?cql=space%3DGLK+AND+title%3D%27Analysis%27&expand=body.view&limit=1
2015/11/12 12:46:33 Loading data from page url https://wiki.infowatch.ru/rest/api/content/search?cql=space%3DGLK+AND+title%3D%27Crop-image%27&expand=body.view&limit=1
2015/11/12 12:46:33 Loading data from page url https://wiki.infowatch.ru/rest/api/content/search?cql=space%3DGLK+AND+title%3D%27Select_dialog%27&expand=body.view&limit=1
2015/11/12 12:46:33 Loading data from page url https://wiki.infowatch.ru/rest/api/content/search?cql=space%3DGLK+AND+title%3D%27Daterangepicker%27&expand=body.view&limit=1
2015/11/12 12:46:33 Loading data from page url https://wiki.infowatch.ru/rest/api/content/search?cql=space%3DGLK+AND+title%3D%27Priviledge%27&expand=body.view&limit=1
2015/11/12 12:46:33 Loading data from page url https://wiki.infowatch.ru/rest/api/content/search?cql=space%3DGLK+AND+title%3D%27Reports%27&expand=body.view&limit=1
2015/11/12 12:46:33 Loading data from page url https://wiki.infowatch.ru/rest/api/content/search?cql=space%3DGLK+AND+title%3D%27Protected%27&expand=body.view&limit=1
2015/11/12 12:46:33 Loading data from page url https://wiki.infowatch.ru/rest/api/content/search?cql=space%3DGLK+AND+title%3D%27Crawler%27&expand=body.view&limit=1
2015/11/12 12:46:33 Loading data from page url https://wiki.infowatch.ru/rest/api/content/search?cql=space%3DGLK+AND+title%3D%27Form%27&expand=body.view&limit=1
2015/11/12 12:46:33 Loading data from page url https://wiki.infowatch.ru/rest/api/content/search?cql=space%3DGLK+AND+title%3D%27Dashboards%27&expand=body.view&limit=1
2015/11/12 12:46:36 Put locale in directory /Users/kerbyfc/Projects/tm4/web/front/app/scripts/nls/ru
2015/11/12 12:46:36 Creating directory path /Users/kerbyfc/Projects/tm4/web/front/app/scripts/nls/ru
2015/11/12 12:46:36 Put locale in directory /Users/kerbyfc/Projects/tm4/web/front/app/scripts/nls/en
2015/11/12 12:46:36 Creating directory path /Users/kerbyfc/Projects/tm4/web/front/app/scripts/nls/en
2015/11/12 12:46:37 Put locale in directory /Users/kerbyfc/Projects/tm4/web/front/app/scripts/nls/ru
2015/11/12 12:46:37 Put locale in directory /Users/kerbyfc/Projects/tm4/web/front/app/scripts/nls/en
2015/11/12 12:46:39 Put locale in directory /Users/kerbyfc/Projects/tm4/web/front/app/scripts/nls/ru
2015/11/12 12:46:39 Put locale in directory /Users/kerbyfc/Projects/tm4/web/front/app/scripts/nls/en
2015/11/12 12:46:39 Put locale in directory /Users/kerbyfc/Projects/tm4/web/front/app/scripts/nls/ru
2015/11/12 12:46:39 Put locale in directory /Users/kerbyfc/Projects/tm4/web/front/app/scripts/nls/en
2015/11/12 12:46:39 Put locale in directory /Users/kerbyfc/Projects/tm4/web/front/app/scripts/nls/ru
2015/11/12 12:46:39 Put locale in directory /Users/kerbyfc/Projects/tm4/web/front/app/scripts/nls/en
2015/11/12 12:46:39 Put locale in directory /Users/kerbyfc/Projects/tm4/web/front/app/scripts/nls/ru
2015/11/12 12:46:39 Put locale in directory /Users/kerbyfc/Projects/tm4/web/front/app/scripts/nls/en
2015/11/12 12:46:39 Put locale in directory /Users/kerbyfc/Projects/tm4/web/front/app/scripts/nls/ru
2015/11/12 12:46:39 Put locale in directory /Users/kerbyfc/Projects/tm4/web/front/app/scripts/nls/en
2015/11/12 12:46:39 Put locale in directory /Users/kerbyfc/Projects/tm4/web/front/app/scripts/nls/ru
2015/11/12 12:46:39 Put locale in directory /Users/kerbyfc/Projects/tm4/web/front/app/scripts/nls/en
2015/11/12 12:46:39 Put locale in directory /Users/kerbyfc/Projects/tm4/web/front/app/scripts/nls/ru
2015/11/12 12:46:39 Put locale in directory /Users/kerbyfc/Projects/tm4/web/front/app/scripts/nls/en
2015/11/12 12:46:39 Put locale in directory /Users/kerbyfc/Projects/tm4/web/front/app/scripts/nls/ru
2015/11/12 12:46:39 Put locale in directory /Users/kerbyfc/Projects/tm4/web/front/app/scripts/nls/en
2015/11/12 12:46:39 Put locale in directory /Users/kerbyfc/Projects/tm4/web/front/app/scripts/nls/ru
2015/11/12 12:46:39 Put locale in directory /Users/kerbyfc/Projects/tm4/web/front/app/scripts/nls/en
2015/11/12 12:46:39 Put locale in directory /Users/kerbyfc/Projects/tm4/web/front/app/scripts/nls/ru
2015/11/12 12:46:39 Put locale in directory /Users/kerbyfc/Projects/tm4/web/front/app/scripts/nls/en
2015/11/12 12:46:39 Put locale in directory /Users/kerbyfc/Projects/tm4/web/front/app/scripts/nls/ru
2015/11/12 12:46:39 Put locale in directory /Users/kerbyfc/Projects/tm4/web/front/app/scripts/nls/en
2015/11/12 12:46:40 Put locale in directory /Users/kerbyfc/Projects/tm4/web/front/app/scripts/nls/ru
2015/11/12 12:46:40 Put locale in directory /Users/kerbyfc/Projects/tm4/web/front/app/scripts/nls/en
2015/11/12 12:46:40 Put locale in directory /Users/kerbyfc/Projects/tm4/web/front/app/scripts/nls/ru
2015/11/12 12:46:40 Put locale in directory /Users/kerbyfc/Projects/tm4/web/front/app/scripts/nls/en
2015/11/12 12:46:40 Put locale in directory /Users/kerbyfc/Projects/tm4/web/front/app/scripts/nls/ru
2015/11/12 12:46:40 Put locale in directory /Users/kerbyfc/Projects/tm4/web/front/app/scripts/nls/en
2015/11/12 12:46:40 Put locale in directory /Users/kerbyfc/Projects/tm4/web/front/app/scripts/nls/ru
2015/11/12 12:46:40 Put locale in directory /Users/kerbyfc/Projects/tm4/web/front/app/scripts/nls/en
2015/11/12 12:46:40 Put locale in directory /Users/kerbyfc/Projects/tm4/web/front/app/scripts/nls/ru
2015/11/12 12:46:40 Put locale in directory /Users/kerbyfc/Projects/tm4/web/front/app/scripts/nls/en
2015/11/12 12:46:40 Put locale in directory /Users/kerbyfc/Projects/tm4/web/front/app/scripts/nls/ru
2015/11/12 12:46:40 Put locale in directory /Users/kerbyfc/Projects/tm4/web/front/app/scripts/nls/en
2015/11/12 12:46:40 Put locale in directory /Users/kerbyfc/Projects/tm4/web/front/app/scripts/nls/ru
2015/11/12 12:46:40 Put locale in directory /Users/kerbyfc/Projects/tm4/web/front/app/scripts/nls/en
2015/11/12 12:46:40 Put locale in directory /Users/kerbyfc/Projects/tm4/web/front/app/scripts/nls/ru
2015/11/12 12:46:40 Put locale in directory /Users/kerbyfc/Projects/tm4/web/front/app/scripts/nls/en
2015/11/12 12:46:40 Put locale in directory /Users/kerbyfc/Projects/tm4/web/front/app/scripts/nls/ru
2015/11/12 12:46:40 Put locale in directory /Users/kerbyfc/Projects/tm4/web/front/app/scripts/nls/en
2015/11/12 12:46:40 Put locale in directory /Users/kerbyfc/Projects/tm4/web/front/app/scripts/nls/ru
2015/11/12 12:46:40 Put locale in directory /Users/kerbyfc/Projects/tm4/web/front/app/scripts/nls/en
2015/11/12 12:46:40 Put locale in directory /Users/kerbyfc/Projects/tm4/web/front/app/scripts/nls/ru
2015/11/12 12:46:40 Put locale in directory /Users/kerbyfc/Projects/tm4/web/front/app/scripts/nls/en
2015/11/12 12:46:40 Put locale in directory /Users/kerbyfc/Projects/tm4/web/front/app/scripts/nls/ru
2015/11/12 12:46:40 Put locale in directory /Users/kerbyfc/Projects/tm4/web/front/app/scripts/nls/en
2015/11/12 12:46:40 Put locale in directory /Users/kerbyfc/Projects/tm4/web/front/app/scripts/nls/ru
2015/11/12 12:46:40 Put locale in directory /Users/kerbyfc/Projects/tm4/web/front/app/scripts/nls/en
2015/11/12 12:46:40 Put locale in directory /Users/kerbyfc/Projects/tm4/web/front/app/scripts/nls/ru
2015/11/12 12:46:40 Put locale in directory /Users/kerbyfc/Projects/tm4/web/front/app/scripts/nls/en
2015/11/12 12:46:40 Put locale in directory /Users/kerbyfc/Projects/tm4/web/front/app/scripts/nls/ru
2015/11/12 12:46:40 Put locale in directory /Users/kerbyfc/Projects/tm4/web/front/app/scripts/nls/en
2015/11/12 12:46:40 Put locale in directory /Users/kerbyfc/Projects/tm4/web/front/app/scripts/nls/ru
2015/11/12 12:46:40 Put locale in directory /Users/kerbyfc/Projects/tm4/web/front/app/scripts/nls/en
2015/11/12 12:46:40 Put locale in directory /Users/kerbyfc/Projects/tm4/web/front/app/scripts/nls/ru
2015/11/12 12:46:40 Put locale in directory /Users/kerbyfc/Projects/tm4/web/front/app/scripts/nls/en
2015/11/12 12:46:41 Put locale in directory /Users/kerbyfc/Projects/tm4/web/front/app/scripts/nls/ru
2015/11/12 12:46:41 Put locale in directory /Users/kerbyfc/Projects/tm4/web/front/app/scripts/nls/en
2015/11/12 12:46:41 Put locale in directory /Users/kerbyfc/Projects/tm4/web/front/app/scripts/nls/ru
2015/11/12 12:46:41 Put locale in directory /Users/kerbyfc/Projects/tm4/web/front/app/scripts/nls/en
2015/11/12 12:46:41 Put locale in directory /Users/kerbyfc/Projects/tm4/web/front/app/scripts/nls/ru
2015/11/12 12:46:41 Put locale in directory /Users/kerbyfc/Projects/tm4/web/front/app/scripts/nls/en
2015/11/12 12:46:41 Put locale in directory /Users/kerbyfc/Projects/tm4/web/front/app/scripts/nls/ru
2015/11/12 12:46:41 Put locale in directory /Users/kerbyfc/Projects/tm4/web/front/app/scripts/nls/en
2015/11/12 12:46:43 Put locale in directory /Users/kerbyfc/Projects/tm4/web/front/app/scripts/nls/ru
2015/11/12 12:46:43 Put locale in directory /Users/kerbyfc/Projects/tm4/web/front/app/scripts/nls/en
2015/11/12 12:46:43 Put locale in directory /Users/kerbyfc/Projects/tm4/web/front/app/scripts/nls/ru
2015/11/12 12:46:43 Put locale in directory /Users/kerbyfc/Projects/tm4/web/front/app/scripts/nls/en
2015/11/12 12:46:43 Put locale in directory /Users/kerbyfc/Projects/tm4/web/front/app/scripts/nls/ru
2015/11/12 12:46:43 Put locale in directory /Users/kerbyfc/Projects/tm4/web/front/app/scripts/nls/en
2015/11/12 12:46:43 Put locale in directory /Users/kerbyfc/Projects/tm4/web/front/app/scripts/nls/ru
2015/11/12 12:46:43 Put locale in directory /Users/kerbyfc/Projects/tm4/web/front/app/scripts/nls/en
2015/11/12 12:46:43 Put locale in directory /Users/kerbyfc/Projects/tm4/web/front/app/scripts/nls/ru
2015/11/12 12:46:43 Put locale in directory /Users/kerbyfc/Projects/tm4/web/front/app/scripts/nls/en
2015/11/12 12:46:43 Put locale in directory /Users/kerbyfc/Projects/tm4/web/front/app/scripts/nls/ru
2015/11/12 12:46:43 Put locale in directory /Users/kerbyfc/Projects/tm4/web/front/app/scripts/nls/en
2015/11/12 12:46:44 Put locale in directory /Users/kerbyfc/Projects/tm4/web/front/app/scripts/nls/ru
2015/11/12 12:46:44 Put locale in directory /Users/kerbyfc/Projects/tm4/web/front/app/scripts/nls/en
2015/11/12 12:46:44 Put locale in directory /Users/kerbyfc/Projects/tm4/web/front/app/scripts/nls/ru
2015/11/12 12:46:44 Put locale in directory /Users/kerbyfc/Projects/tm4/web/front/app/scripts/nls/en
2015/11/12 12:46:44 Put locale in directory /Users/kerbyfc/Projects/tm4/web/front/app/scripts/nls/ru
2015/11/12 12:46:44 Put locale in directory /Users/kerbyfc/Projects/tm4/web/front/app/scripts/nls/en
2015/11/12 12:46:44 Put locale in directory /Users/kerbyfc/Projects/tm4/web/front/app/scripts/nls/ru
2015/11/12 12:46:44 Put locale in directory /Users/kerbyfc/Projects/tm4/web/front/app/scripts/nls/en
2015/11/12 12:46:44 Put locale in directory /Users/kerbyfc/Projects/tm4/web/front/app/scripts/nls/ru
2015/11/12 12:46:44 Put locale in directory /Users/kerbyfc/Projects/tm4/web/front/app/scripts/nls/en
2015/11/12 12:46:44 Put locale in directory /Users/kerbyfc/Projects/tm4/web/front/app/scripts/nls/ru
2015/11/12 12:46:44 Put locale in directory /Users/kerbyfc/Projects/tm4/web/front/app/scripts/nls/en
2015/11/12 12:46:44 Put locale in directory /Users/kerbyfc/Projects/tm4/web/front/app/scripts/nls/ru
2015/11/12 12:46:44 Put locale in directory /Users/kerbyfc/Projects/tm4/web/front/app/scripts/nls/en
2015/11/12 12:46:45 Put locale in directory /Users/kerbyfc/Projects/tm4/web/front/app/scripts/nls/ru
2015/11/12 12:46:45 Put locale in directory /Users/kerbyfc/Projects/tm4/web/front/app/scripts/nls/en
2015/11/12 12:46:45 Put locale in directory /Users/kerbyfc/Projects/tm4/web/front/app/scripts/nls/ru
2015/11/12 12:46:45 Put locale in directory /Users/kerbyfc/Projects/tm4/web/front/app/scripts/nls/en
2015/11/12 12:46:45 Put locale in directory /Users/kerbyfc/Projects/tm4/web/front/app/scripts/nls/ru
2015/11/12 12:46:45 Put locale in directory /Users/kerbyfc/Projects/tm4/web/front/app/scripts/nls/en
2015/11/12 12:46:46 Put locale in directory /Users/kerbyfc/Projects/tm4/web/front/app/scripts/nls/ru
2015/11/12 12:46:46 Put locale in directory /Users/kerbyfc/Projects/tm4/web/front/app/scripts/nls/en
2015/11/12 12:46:47 Put locale in directory /Users/kerbyfc/Projects/tm4/web/front/app/scripts/nls/ru
2015/11/12 12:46:47 Put locale in directory /Users/kerbyfc/Projects/tm4/web/front/app/scripts/nls/en
2015/11/12 12:46:47 Put locale in directory /Users/kerbyfc/Projects/tm4/web/front/app/scripts/nls/ru
2015/11/12 12:46:47 Put locale in directory /Users/kerbyfc/Projects/tm4/web/front/app/scripts/nls/en
2015/11/12 12:46:47 Put locale in directory /Users/kerbyfc/Projects/tm4/web/front/app/scripts/nls/ru
2015/11/12 12:46:47 Put locale in directory /Users/kerbyfc/Projects/tm4/web/front/app/scripts/nls/en
2015/11/12 12:46:47 Put locale in directory /Users/kerbyfc/Projects/tm4/web/front/app/scripts/nls/ru
2015/11/12 12:46:47 Put locale in directory /Users/kerbyfc/Projects/tm4/web/front/app/scripts/nls/en
2015/11/12 12:46:47 Put locale in directory /Users/kerbyfc/Projects/tm4/web/front/app/scripts/nls/ru
2015/11/12 12:46:47 Put locale in directory /Users/kerbyfc/Projects/tm4/web/front/app/scripts/nls/en
2015/11/12 12:46:47 Put locale in directory /Users/kerbyfc/Projects/tm4/web/front/app/scripts/nls/ru
2015/11/12 12:46:47 Put locale in directory /Users/kerbyfc/Projects/tm4/web/front/app/scripts/nls/en
2015/11/12 12:46:47 Put locale in directory /Users/kerbyfc/Projects/tm4/web/front/app/scripts/nls/ru
2015/11/12 12:46:47 Put locale in directory /Users/kerbyfc/Projects/tm4/web/front/app/scripts/nls/en
2015/11/12 12:46:47 Put locale in directory /Users/kerbyfc/Projects/tm4/web/front/app/scripts/nls/ru
2015/11/12 12:46:47 Put locale in directory /Users/kerbyfc/Projects/tm4/web/front/app/scripts/nls/en
2015/11/12 12:46:47 Put locale in directory /Users/kerbyfc/Projects/tm4/web/front/app/scripts/nls/ru
2015/11/12 12:46:47 Put locale in directory /Users/kerbyfc/Projects/tm4/web/front/app/scripts/nls/en
2015/11/12 12:46:47 Put locale in directory /Users/kerbyfc/Projects/tm4/web/front/app/scripts/nls/ru
2015/11/12 12:46:47 Put locale in directory /Users/kerbyfc/Projects/tm4/web/front/app/scripts/nls/en
2015/11/12 12:46:47 Put locale in directory /Users/kerbyfc/Projects/tm4/web/front/app/scripts/nls/ru
2015/11/12 12:46:47 Put locale in directory /Users/kerbyfc/Projects/tm4/web/front/app/scripts/nls/en
2015/11/12 12:46:47 Put locale in directory /Users/kerbyfc/Projects/tm4/web/front/app/scripts/nls/ru
2015/11/12 12:46:47 Put locale in directory /Users/kerbyfc/Projects/tm4/web/front/app/scripts/nls/en
2015/11/12 12:46:47 Put locale in directory /Users/kerbyfc/Projects/tm4/web/front/app/scripts/nls/ru
2015/11/12 12:46:47 Put locale in directory /Users/kerbyfc/Projects/tm4/web/front/app/scripts/nls/en
2015/11/12 12:46:47 Put locale in directory /Users/kerbyfc/Projects/tm4/web/front/app/scripts/nls/ru
2015/11/12 12:46:47 Put locale in directory /Users/kerbyfc/Projects/tm4/web/front/app/scripts/nls/en
2015/11/12 12:46:47 Put locale in directory /Users/kerbyfc/Projects/tm4/web/front/app/scripts/nls/ru
2015/11/12 12:46:47 Put locale in directory /Users/kerbyfc/Projects/tm4/web/front/app/scripts/nls/en
2015/11/12 12:46:47 Put locale in directory /Users/kerbyfc/Projects/tm4/web/front/app/scripts/nls/ru
2015/11/12 12:46:47 Put locale in directory /Users/kerbyfc/Projects/tm4/web/front/app/scripts/nls/en
2015/11/12 12:46:47 Put locale in directory /Users/kerbyfc/Projects/tm4/web/front/app/scripts/nls/ru
2015/11/12 12:46:47 Put locale in directory /Users/kerbyfc/Projects/tm4/web/front/app/scripts/nls/en
2015/11/12 12:46:47 Put locale in directory /Users/kerbyfc/Projects/tm4/web/front/app/scripts/nls/ru
2015/11/12 12:46:47 Put locale in directory /Users/kerbyfc/Projects/tm4/web/front/app/scripts/nls/en
2015/11/12 12:46:47 Put locale in directory /Users/kerbyfc/Projects/tm4/web/front/app/scripts/nls/ru
2015/11/12 12:46:47 Put locale in directory /Users/kerbyfc/Projects/tm4/web/front/app/scripts/nls/en
2015/11/12 12:46:47 Put locale in directory /Users/kerbyfc/Projects/tm4/web/front/app/scripts/nls/ru
2015/11/12 12:46:47 Put locale in directory /Users/kerbyfc/Projects/tm4/web/front/app/scripts/nls/en
2015/11/12 12:46:47 Put locale in directory /Users/kerbyfc/Projects/tm4/web/front/app/scripts/nls/ru
2015/11/12 12:46:47 Put locale in directory /Users/kerbyfc/Projects/tm4/web/front/app/scripts/nls/en
2015/11/12 12:46:47 Put locale in directory /Users/kerbyfc/Projects/tm4/web/front/app/scripts/nls/ru
2015/11/12 12:46:47 Put locale in directory /Users/kerbyfc/Projects/tm4/web/front/app/scripts/nls/en
2015/11/12 12:46:47 Put locale in directory /Users/kerbyfc/Projects/tm4/web/front/app/scripts/nls/ru
2015/11/12 12:46:47 Put locale in directory /Users/kerbyfc/Projects/tm4/web/front/app/scripts/nls/en
2015/11/12 12:46:48 Put locale in directory /Users/kerbyfc/Projects/tm4/web/front/app/scripts/nls/ru
2015/11/12 12:46:48 Put locale in directory /Users/kerbyfc/Projects/tm4/web/front/app/scripts/nls/en
2015/11/12 12:46:48 Put locale in directory /Users/kerbyfc/Projects/tm4/web/front/app/scripts/nls/ru
2015/11/12 12:46:48 Put locale in directory /Users/kerbyfc/Projects/tm4/web/front/app/scripts/nls/en
2015/11/12 12:46:48 Put locale in directory /Users/kerbyfc/Projects/tm4/web/front/app/scripts/nls/ru
2015/11/12 12:46:48 Put locale in directory /Users/kerbyfc/Projects/tm4/web/front/app/scripts/nls/en
2015/11/12 12:46:48 Put locale in directory /Users/kerbyfc/Projects/tm4/web/front/app/scripts/nls/ru
2015/11/12 12:46:48 Put locale in directory /Users/kerbyfc/Projects/tm4/web/front/app/scripts/nls/en
2015/11/12 12:46:48 Put locale in directory /Users/kerbyfc/Projects/tm4/web/front/app/scripts/nls/ru
2015/11/12 12:46:48 Put locale in directory /Users/kerbyfc/Projects/tm4/web/front/app/scripts/nls/en
2015/11/12 12:46:48 Put locale in directory /Users/kerbyfc/Projects/tm4/web/front/app/scripts/nls/ru
2015/11/12 12:46:48 Put locale in directory /Users/kerbyfc/Projects/tm4/web/front/app/scripts/nls/en
2015/11/12 12:46:48 Put locale in directory /Users/kerbyfc/Projects/tm4/web/front/app/scripts/nls/ru
2015/11/12 12:46:48 Put locale in directory /Users/kerbyfc/Projects/tm4/web/front/app/scripts/nls/en
2015/11/12 12:46:48 Put locale in directory /Users/kerbyfc/Projects/tm4/web/front/app/scripts/nls/ru
2015/11/12 12:46:48 Put locale in directory /Users/kerbyfc/Projects/tm4/web/front/app/scripts/nls/en
2015/11/12 12:46:48 Put locale in directory /Users/kerbyfc/Projects/tm4/web/front/app/scripts/nls/ru
2015/11/12 12:46:48 Put locale in directory /Users/kerbyfc/Projects/tm4/web/front/app/scripts/nls/en
2015/11/12 12:46:48 Put locale in directory /Users/kerbyfc/Projects/tm4/web/front/app/scripts/nls/ru
2015/11/12 12:46:48 Put locale in directory /Users/kerbyfc/Projects/tm4/web/front/app/scripts/nls/en
2015/11/12 12:46:48 Put locale in directory /Users/kerbyfc/Projects/tm4/web/front/app/scripts/nls/ru
2015/11/12 12:46:48 Put locale in directory /Users/kerbyfc/Projects/tm4/web/front/app/scripts/nls/en
2015/11/12 12:46:48 Put locale in directory /Users/kerbyfc/Projects/tm4/web/front/app/scripts/nls/ru
2015/11/12 12:46:48 Put locale in directory /Users/kerbyfc/Projects/tm4/web/front/app/scripts/nls/en
2015/11/12 12:46:48 Put locale in directory /Users/kerbyfc/Projects/tm4/web/front/app/scripts/nls/ru
2015/11/12 12:46:48 Put locale in directory /Users/kerbyfc/Projects/tm4/web/front/app/scripts/nls/en
2015/11/12 12:46:48 Put locale in directory /Users/kerbyfc/Projects/tm4/web/front/app/scripts/nls/ru
2015/11/12 12:46:49 Put locale in directory /Users/kerbyfc/Projects/tm4/web/front/app/scripts/nls/en
2015/11/12 12:46:49 Put locale in directory /Users/kerbyfc/Projects/tm4/web/front/app/scripts/nls/ru
2015/11/12 12:46:49 Put locale in directory /Users/kerbyfc/Projects/tm4/web/front/app/scripts/nls/en
2015/11/12 12:46:49 Put locale in directory /Users/kerbyfc/Projects/tm4/web/front/app/scripts/nls/ru
2015/11/12 12:46:49 Put locale in directory /Users/kerbyfc/Projects/tm4/web/front/app/scripts/nls/en
2015/11/12 12:46:51 Put locale in directory /Users/kerbyfc/Projects/tm4/web/front/app/scripts/nls/ru
2015/11/12 12:46:51 Put locale in directory /Users/kerbyfc/Projects/tm4/web/front/app/scripts/nls/en
2015/11/12 12:46:51 Put locale in directory /Users/kerbyfc/Projects/tm4/web/front/app/scripts/nls/ru
2015/11/12 12:46:51 Put locale in directory /Users/kerbyfc/Projects/tm4/web/front/app/scripts/nls/en
2015/11/12 12:46:51 Put locale in directory /Users/kerbyfc/Projects/tm4/web/front/app/scripts/nls/ru
2015/11/12 12:46:51 Put locale in directory /Users/kerbyfc/Projects/tm4/web/front/app/scripts/nls/en
2015/11/12 12:46:51 Put locale in directory /Users/kerbyfc/Projects/tm4/web/front/app/scripts/nls/ru
2015/11/12 12:46:51 Put locale in directory /Users/kerbyfc/Projects/tm4/web/front/app/scripts/nls/en
2015/11/12 12:46:51 Put locale in directory /Users/kerbyfc/Projects/tm4/web/front/app/scripts/nls/ru
2015/11/12 12:46:52 Put locale in directory /Users/kerbyfc/Projects/tm4/web/front/app/scripts/nls/en
2015/11/12 12:46:52 Put locale in directory /Users/kerbyfc/Projects/tm4/web/front/app/scripts/nls/ru
2015/11/12 12:46:52 Put locale in directory /Users/kerbyfc/Projects/tm4/web/front/app/scripts/nls/en
2015/11/12 12:46:52 Put locale in directory /Users/kerbyfc/Projects/tm4/web/front/app/scripts/nls/ru
2015/11/12 12:46:52 Put locale in directory /Users/kerbyfc/Projects/tm4/web/front/app/scripts/nls/en
2015/11/12 12:46:52 Put locale in directory /Users/kerbyfc/Projects/tm4/web/front/app/scripts/nls/ru
2015/11/12 12:46:52 Put locale in directory /Users/kerbyfc/Projects/tm4/web/front/app/scripts/nls/en
2015/11/12 12:46:52 Put locale in directory /Users/kerbyfc/Projects/tm4/web/front/app/scripts/nls/ru
2015/11/12 12:46:52 Put locale in directory /Users/kerbyfc/Projects/tm4/web/front/app/scripts/nls/en
2015/11/12 12:46:52 Put locale in directory /Users/kerbyfc/Projects/tm4/web/front/app/scripts/nls/ru
2015/11/12 12:46:52 Put locale in directory /Users/kerbyfc/Projects/tm4/web/front/app/scripts/nls/en
2015/11/12 12:46:52 Put locale in directory /Users/kerbyfc/Projects/tm4/web/front/app/scripts/nls/ru
2015/11/12 12:46:52 Put locale in directory /Users/kerbyfc/Projects/tm4/web/front/app/scripts/nls/en
2015/11/12 12:46:52 Put locale in directory /Users/kerbyfc/Projects/tm4/web/front/app/scripts/nls/ru
2015/11/12 12:46:52 Put locale in directory /Users/kerbyfc/Projects/tm4/web/front/app/scripts/nls/en
2015/11/12 12:46:52 Put locale in directory /Users/kerbyfc/Projects/tm4/web/front/app/scripts/nls/ru
2015/11/12 12:46:52 Put locale in directory /Users/kerbyfc/Projects/tm4/web/front/app/scripts/nls/en
2015/11/12 12:46:52 Put locale in directory /Users/kerbyfc/Projects/tm4/web/front/app/scripts/nls/ru
2015/11/12 12:46:52 Put locale in directory /Users/kerbyfc/Projects/tm4/web/front/app/scripts/nls/en
2015/11/12 12:46:52 Put locale in directory /Users/kerbyfc/Projects/tm4/web/front/app/scripts/nls/ru
2015/11/12 12:46:52 Put locale in directory /Users/kerbyfc/Projects/tm4/web/front/app/scripts/nls/en
2015/11/12 12:46:52 Put locale in directory /Users/kerbyfc/Projects/tm4/web/front/app/scripts/nls/ru
2015/11/12 12:46:52 Put locale in directory /Users/kerbyfc/Projects/tm4/web/front/app/scripts/nls/en
2015/11/12 12:46:52 Put locale in directory /Users/kerbyfc/Projects/tm4/web/front/app/scripts/nls/ru
2015/11/12 12:46:52 Put locale in directory /Users/kerbyfc/Projects/tm4/web/front/app/scripts/nls/en
2015/11/12 12:46:52 Put locale in directory /Users/kerbyfc/Projects/tm4/web/front/app/scripts/nls/ru
2015/11/12 12:46:52 Put locale in directory /Users/kerbyfc/Projects/tm4/web/front/app/scripts/nls/en
2015/11/12 12:46:52 Put locale in directory /Users/kerbyfc/Projects/tm4/web/front/app/scripts/nls/ru
2015/11/12 12:46:52 Put locale in directory /Users/kerbyfc/Projects/tm4/web/front/app/scripts/nls/en
2015/11/12 12:46:52 Put locale in directory /Users/kerbyfc/Projects/tm4/web/front/app/scripts/nls/ru
2015/11/12 12:46:52 Put locale in directory /Users/kerbyfc/Projects/tm4/web/front/app/scripts/nls/en
2015/11/12 12:46:52 Put locale in directory /Users/kerbyfc/Projects/tm4/web/front/app/scripts/nls/ru
2015/11/12 12:46:52 Put locale in directory /Users/kerbyfc/Projects/tm4/web/front/app/scripts/nls/en
2015/11/12 12:46:52 Put locale in directory /Users/kerbyfc/Projects/tm4/web/front/app/scripts/nls/ru
2015/11/12 12:46:52 Put locale in directory /Users/kerbyfc/Projects/tm4/web/front/app/scripts/nls/en
2015/11/12 12:46:52 Put locale in directory /Users/kerbyfc/Projects/tm4/web/front/app/scripts/nls/ru
2015/11/12 12:46:52 Put locale in directory /Users/kerbyfc/Projects/tm4/web/front/app/scripts/nls/en
2015/11/12 12:46:52 Put locale in directory /Users/kerbyfc/Projects/tm4/web/front/app/scripts/nls/ru
2015/11/12 12:46:52 Put locale in directory /Users/kerbyfc/Projects/tm4/web/front/app/scripts/nls/en
2015/11/12 12:46:52 Put locale in directory /Users/kerbyfc/Projects/tm4/web/front/app/scripts/nls/ru
2015/11/12 12:46:52 Put locale in directory /Users/kerbyfc/Projects/tm4/web/front/app/scripts/nls/en
2015/11/12 12:46:52 Put locale in directory /Users/kerbyfc/Projects/tm4/web/front/app/scripts/nls/ru
2015/11/12 12:46:52 Put locale in directory /Users/kerbyfc/Projects/tm4/web/front/app/scripts/nls/en
2015/11/12 12:46:52 Put locale in directory /Users/kerbyfc/Projects/tm4/web/front/app/scripts/nls/ru
2015/11/12 12:46:52 Put locale in directory /Users/kerbyfc/Projects/tm4/web/front/app/scripts/nls/en
2015/11/12 12:46:52 Put locale in directory /Users/kerbyfc/Projects/tm4/web/front/app/scripts/nls/ru
2015/11/12 12:46:52 Put locale in directory /Users/kerbyfc/Projects/tm4/web/front/app/scripts/nls/en
